mode: set
github.com/vellus-ai/argoclaw/internal/plugins/circuit.go:44.96,51.2 1 1
github.com/vellus-ai/argoclaw/internal/plugins/circuit.go:54.48,58.2 3 1
github.com/vellus-ai/argoclaw/internal/plugins/circuit.go:66.40,70.27 3 1
github.com/vellus-ai/argoclaw/internal/plugins/circuit.go:71.21,72.14 1 1
github.com/vellus-ai/argoclaw/internal/plugins/circuit.go:73.19,75.52 1 1
github.com/vellus-ai/argoclaw/internal/plugins/circuit.go:75.52,78.4 2 1
github.com/vellus-ai/argoclaw/internal/plugins/circuit.go:79.3,79.15 1 1
github.com/vellus-ai/argoclaw/internal/plugins/circuit.go:80.23,83.15 1 0
github.com/vellus-ai/argoclaw/internal/plugins/circuit.go:84.10,85.15 1 0
github.com/vellus-ai/argoclaw/internal/plugins/circuit.go:93.43,97.18 3 1
github.com/vellus-ai/argoclaw/internal/plugins/circuit.go:98.23,100.22 2 1
github.com/vellus-ai/argoclaw/internal/plugins/circuit.go:101.21,102.22 1 1
github.com/vellus-ai/argoclaw/internal/plugins/circuit.go:110.43,116.18 4 1
github.com/vellus-ai/argoclaw/internal/plugins/circuit.go:117.21,119.38 2 1
github.com/vellus-ai/argoclaw/internal/plugins/circuit.go:119.38,121.4 1 1
github.com/vellus-ai/argoclaw/internal/plugins/circuit.go:122.23,123.25 1 1
github.com/vellus-ai/argoclaw/internal/plugins/circuit.go:124.19,124.19 0 1
github.com/vellus-ai/argoclaw/internal/plugins/circuit.go:131.55,132.78 1 1
github.com/vellus-ai/argoclaw/internal/plugins/circuit.go:132.78,136.3 1 1
github.com/vellus-ai/argoclaw/internal/plugins/circuit.go:137.2,137.17 1 1
github.com/vellus-ai/argoclaw/internal/plugins/config.go:59.29,81.2 1 1
github.com/vellus-ai/argoclaw/internal/plugins/data_proxy.go:47.51,49.2 1 1
github.com/vellus-ai/argoclaw/internal/plugins/data_proxy.go:51.64,52.48 1 1
github.com/vellus-ai/argoclaw/internal/plugins/data_proxy.go:52.48,54.3 1 1
github.com/vellus-ai/argoclaw/internal/plugins/data_proxy.go:55.2,55.12 1 1
github.com/vellus-ai/argoclaw/internal/plugins/data_proxy.go:58.51,59.29 1 1
github.com/vellus-ai/argoclaw/internal/plugins/data_proxy.go:59.29,61.3 1 1
github.com/vellus-ai/argoclaw/internal/plugins/data_proxy.go:62.2,62.12 1 1
github.com/vellus-ai/argoclaw/internal/plugins/data_proxy.go:65.65,66.43 1 1
github.com/vellus-ai/argoclaw/internal/plugins/data_proxy.go:66.43,68.3 1 1
github.com/vellus-ai/argoclaw/internal/plugins/data_proxy.go:69.2,69.12 1 1
github.com/vellus-ai/argoclaw/internal/plugins/data_proxy.go:72.88,74.45 2 1
github.com/vellus-ai/argoclaw/internal/plugins/data_proxy.go:74.45,76.3 1 1
github.com/vellus-ai/argoclaw/internal/plugins/data_proxy.go:77.2,77.16 1 1
github.com/vellus-ai/argoclaw/internal/plugins/data_proxy.go:77.16,79.3 1 0
github.com/vellus-ai/argoclaw/internal/plugins/data_proxy.go:80.2,80.42 1 1
github.com/vellus-ai/argoclaw/internal/plugins/data_proxy.go:80.42,82.3 1 0
github.com/vellus-ai/argoclaw/internal/plugins/data_proxy.go:83.2,83.12 1 1
github.com/vellus-ai/argoclaw/internal/plugins/data_proxy.go:88.133,89.47 1 1
github.com/vellus-ai/argoclaw/internal/plugins/data_proxy.go:89.47,91.3 1 1
github.com/vellus-ai/argoclaw/internal/plugins/data_proxy.go:92.2,92.57 1 1
github.com/vellus-ai/argoclaw/internal/plugins/data_proxy.go:92.57,94.3 1 1
github.com/vellus-ai/argoclaw/internal/plugins/data_proxy.go:95.2,95.43 1 1
github.com/vellus-ai/argoclaw/internal/plugins/data_proxy.go:95.43,97.3 1 1
github.com/vellus-ai/argoclaw/internal/plugins/data_proxy.go:98.2,98.64 1 1
github.com/vellus-ai/argoclaw/internal/plugins/data_proxy.go:98.64,100.3 1 1
github.com/vellus-ai/argoclaw/internal/plugins/data_proxy.go:101.2,101.76 1 1
github.com/vellus-ai/argoclaw/internal/plugins/data_proxy.go:106.114,107.47 1 1
github.com/vellus-ai/argoclaw/internal/plugins/data_proxy.go:107.47,109.3 1 1
github.com/vellus-ai/argoclaw/internal/plugins/data_proxy.go:110.2,110.57 1 1
github.com/vellus-ai/argoclaw/internal/plugins/data_proxy.go:110.57,112.3 1 0
github.com/vellus-ai/argoclaw/internal/plugins/data_proxy.go:113.2,113.43 1 1
github.com/vellus-ai/argoclaw/internal/plugins/data_proxy.go:113.43,115.3 1 0
github.com/vellus-ai/argoclaw/internal/plugins/data_proxy.go:116.2,116.64 1 1
github.com/vellus-ai/argoclaw/internal/plugins/data_proxy.go:116.64,118.3 1 1
github.com/vellus-ai/argoclaw/internal/plugins/data_proxy.go:119.2,119.58 1 1
github.com/vellus-ai/argoclaw/internal/plugins/data_proxy.go:124.127,125.47 1 1
github.com/vellus-ai/argoclaw/internal/plugins/data_proxy.go:125.47,127.3 1 1
github.com/vellus-ai/argoclaw/internal/plugins/data_proxy.go:128.2,128.57 1 1
github.com/vellus-ai/argoclaw/internal/plugins/data_proxy.go:128.57,130.3 1 1
github.com/vellus-ai/argoclaw/internal/plugins/data_proxy.go:131.2,131.64 1 1
github.com/vellus-ai/argoclaw/internal/plugins/data_proxy.go:131.64,133.3 1 0
github.com/vellus-ai/argoclaw/internal/plugins/data_proxy.go:134.2,134.81 1 1
github.com/vellus-ai/argoclaw/internal/plugins/data_proxy.go:139.91,140.47 1 1
github.com/vellus-ai/argoclaw/internal/plugins/data_proxy.go:140.47,142.3 1 1
github.com/vellus-ai/argoclaw/internal/plugins/data_proxy.go:143.2,143.57 1 1
github.com/vellus-ai/argoclaw/internal/plugins/data_proxy.go:143.57,145.3 1 0
github.com/vellus-ai/argoclaw/internal/plugins/data_proxy.go:146.2,146.43 1 1
github.com/vellus-ai/argoclaw/internal/plugins/data_proxy.go:146.43,148.3 1 0
github.com/vellus-ai/argoclaw/internal/plugins/data_proxy.go:149.2,149.64 1 1
github.com/vellus-ai/argoclaw/internal/plugins/data_proxy.go:149.64,151.3 1 1
github.com/vellus-ai/argoclaw/internal/plugins/data_proxy.go:152.2,152.61 1 1
github.com/vellus-ai/argoclaw/internal/plugins/errors.go:103.55,104.38 1 0
github.com/vellus-ai/argoclaw/internal/plugins/errors.go:104.38,105.31 1 0
github.com/vellus-ai/argoclaw/internal/plugins/errors.go:105.31,107.4 1 0
github.com/vellus-ai/argoclaw/internal/plugins/errors.go:109.2,109.57 1 0
github.com/vellus-ai/argoclaw/internal/plugins/events.go:60.77,61.19 1 1
github.com/vellus-ai/argoclaw/internal/plugins/events.go:61.19,63.3 1 1
github.com/vellus-ai/argoclaw/internal/plugins/events.go:64.2,68.3 1 1
github.com/vellus-ai/argoclaw/internal/plugins/events.go:74.98,82.22 5 1
github.com/vellus-ai/argoclaw/internal/plugins/events.go:82.22,86.3 2 1
github.com/vellus-ai/argoclaw/internal/plugins/events.go:88.2,89.31 2 1
github.com/vellus-ai/argoclaw/internal/plugins/events.go:89.31,90.65 1 1
github.com/vellus-ai/argoclaw/internal/plugins/events.go:90.65,95.4 1 0
github.com/vellus-ai/argoclaw/internal/plugins/events.go:96.3,96.17 1 1
github.com/vellus-ai/argoclaw/internal/plugins/events.go:96.17,98.27 1 0
github.com/vellus-ai/argoclaw/internal/plugins/events.go:98.27,100.5 1 0
github.com/vellus-ai/argoclaw/internal/plugins/events.go:101.4,101.78 1 0
github.com/vellus-ai/argoclaw/internal/plugins/events.go:103.3,103.70 1 1
github.com/vellus-ai/argoclaw/internal/plugins/events.go:106.2,111.12 3 1
github.com/vellus-ai/argoclaw/internal/plugins/events.go:117.48,121.2 3 1
github.com/vellus-ai/argoclaw/internal/plugins/events.go:124.54,126.9 2 1
github.com/vellus-ai/argoclaw/internal/plugins/events.go:126.9,128.3 1 1
github.com/vellus-ai/argoclaw/internal/plugins/events.go:129.2,129.25 1 1
github.com/vellus-ai/argoclaw/internal/plugins/events.go:129.25,131.3 1 1
github.com/vellus-ai/argoclaw/internal/plugins/events.go:132.2,136.3 2 1
github.com/vellus-ai/argoclaw/internal/plugins/events.go:142.77,144.111 2 1
github.com/vellus-ai/argoclaw/internal/plugins/events.go:144.111,147.3 1 1
github.com/vellus-ai/argoclaw/internal/plugins/events.go:148.2,148.12 1 1
github.com/vellus-ai/argoclaw/internal/plugins/health.go:87.134,88.26 1 1
github.com/vellus-ai/argoclaw/internal/plugins/health.go:88.26,90.3 1 1
github.com/vellus-ai/argoclaw/internal/plugins/health.go:91.2,91.28 1 1
github.com/vellus-ai/argoclaw/internal/plugins/health.go:91.28,93.3 1 1
github.com/vellus-ai/argoclaw/internal/plugins/health.go:94.2,94.31 1 1
github.com/vellus-ai/argoclaw/internal/plugins/health.go:94.31,96.3 1 1
github.com/vellus-ai/argoclaw/internal/plugins/health.go:97.2,97.26 1 1
github.com/vellus-ai/argoclaw/internal/plugins/health.go:97.26,99.3 1 1
github.com/vellus-ai/argoclaw/internal/plugins/health.go:100.2,100.25 1 1
github.com/vellus-ai/argoclaw/internal/plugins/health.go:100.25,102.3 1 1
github.com/vellus-ai/argoclaw/internal/plugins/health.go:103.2,103.19 1 1
github.com/vellus-ai/argoclaw/internal/plugins/health.go:103.19,105.3 1 0
github.com/vellus-ai/argoclaw/internal/plugins/health.go:106.2,113.3 1 1
github.com/vellus-ai/argoclaw/internal/plugins/health.go:117.64,121.35 4 1
github.com/vellus-ai/argoclaw/internal/plugins/health.go:121.35,123.3 1 1
github.com/vellus-ai/argoclaw/internal/plugins/health.go:128.65,131.9 3 1
github.com/vellus-ai/argoclaw/internal/plugins/health.go:131.9,134.3 2 0
github.com/vellus-ai/argoclaw/internal/plugins/health.go:135.2,139.19 4 1
github.com/vellus-ai/argoclaw/internal/plugins/health.go:143.53,149.34 5 1
github.com/vellus-ai/argoclaw/internal/plugins/health.go:149.34,151.3 1 1
github.com/vellus-ai/argoclaw/internal/plugins/health.go:152.2,154.36 2 1
github.com/vellus-ai/argoclaw/internal/plugins/health.go:154.36,157.3 2 1
github.com/vellus-ai/argoclaw/internal/plugins/health.go:159.2,159.67 1 1
github.com/vellus-ai/argoclaw/internal/plugins/health.go:163.33,164.22 1 1
github.com/vellus-ai/argoclaw/internal/plugins/health.go:164.22,166.3 1 1
github.com/vellus-ai/argoclaw/internal/plugins/health.go:167.2,168.42 2 1
github.com/vellus-ai/argoclaw/internal/plugins/health.go:172.63,177.9 4 1
github.com/vellus-ai/argoclaw/internal/plugins/health.go:177.9,179.3 1 1
github.com/vellus-ai/argoclaw/internal/plugins/health.go:181.2,185.31 4 1
github.com/vellus-ai/argoclaw/internal/plugins/health.go:185.31,188.3 2 1
github.com/vellus-ai/argoclaw/internal/plugins/health.go:190.2,194.3 1 1
github.com/vellus-ai/argoclaw/internal/plugins/health.go:201.85,205.19 3 1
github.com/vellus-ai/argoclaw/internal/plugins/health.go:205.19,207.3 1 0
github.com/vellus-ai/argoclaw/internal/plugins/health.go:209.2,212.6 3 1
github.com/vellus-ai/argoclaw/internal/plugins/health.go:212.6,213.10 1 1
github.com/vellus-ai/argoclaw/internal/plugins/health.go:214.21,215.10 1 1
github.com/vellus-ai/argoclaw/internal/plugins/health.go:216.19,217.37 1 1
github.com/vellus-ai/argoclaw/internal/plugins/health.go:222.87,225.9 3 1
github.com/vellus-ai/argoclaw/internal/plugins/health.go:225.9,228.3 2 0
github.com/vellus-ai/argoclaw/internal/plugins/health.go:229.2,241.21 8 1
github.com/vellus-ai/argoclaw/internal/plugins/health.go:241.21,243.17 1 1
github.com/vellus-ai/argoclaw/internal/plugins/health.go:243.17,245.4 1 1
github.com/vellus-ai/argoclaw/internal/plugins/health.go:245.9,247.4 1 0
github.com/vellus-ai/argoclaw/internal/plugins/health.go:248.3,249.9 2 1
github.com/vellus-ai/argoclaw/internal/plugins/health.go:252.2,252.16 1 1
github.com/vellus-ai/argoclaw/internal/plugins/health.go:252.16,269.46 10 1
github.com/vellus-ai/argoclaw/internal/plugins/health.go:269.46,272.4 1 1
github.com/vellus-ai/argoclaw/internal/plugins/health.go:272.9,272.21 1 1
github.com/vellus-ai/argoclaw/internal/plugins/health.go:272.21,274.101 1 1
github.com/vellus-ai/argoclaw/internal/plugins/health.go:274.101,276.5 1 1
github.com/vellus-ai/argoclaw/internal/plugins/health.go:276.10,281.5 3 1
github.com/vellus-ai/argoclaw/internal/plugins/health.go:283.8,288.17 4 1
github.com/vellus-ai/argoclaw/internal/plugins/health.go:288.17,292.4 3 1
github.com/vellus-ai/argoclaw/internal/plugins/health.go:293.3,293.20 1 1
github.com/vellus-ai/argoclaw/internal/plugins/health.go:298.119,306.67 7 1
github.com/vellus-ai/argoclaw/internal/plugins/health.go:306.67,311.3 1 0
github.com/vellus-ai/argoclaw/internal/plugins/health.go:313.2,316.3 1 1
github.com/vellus-ai/argoclaw/internal/plugins/health.go:320.98,334.63 6 1
github.com/vellus-ai/argoclaw/internal/plugins/health.go:334.63,339.3 1 0
github.com/vellus-ai/argoclaw/internal/plugins/health.go:342.2,342.79 1 1
github.com/vellus-ai/argoclaw/internal/plugins/health.go:342.79,347.3 1 0
github.com/vellus-ai/argoclaw/internal/plugins/lifecycle.go:26.66,28.2 1 1
github.com/vellus-ai/argoclaw/internal/plugins/lifecycle.go:35.56,37.16 2 1
github.com/vellus-ai/argoclaw/internal/plugins/lifecycle.go:37.16,39.3 1 1
github.com/vellus-ai/argoclaw/internal/plugins/lifecycle.go:41.2,42.29 2 1
github.com/vellus-ai/argoclaw/internal/plugins/lifecycle.go:42.29,43.43 1 1
github.com/vellus-ai/argoclaw/internal/plugins/lifecycle.go:43.43,44.12 1 1
github.com/vellus-ai/argoclaw/internal/plugins/lifecycle.go:46.3,62.94 5 1
github.com/vellus-ai/argoclaw/internal/plugins/lifecycle.go:65.2,66.12 2 1
github.com/vellus-ai/argoclaw/internal/plugins/lifecycle.go:71.71,75.2 3 1
github.com/vellus-ai/argoclaw/internal/plugins/lifecycle.go:79.51,83.2 3 1
github.com/vellus-ai/argoclaw/internal/plugins/lifecycle.go:86.50,88.2 1 1
github.com/vellus-ai/argoclaw/internal/plugins/lifecycle.go:92.28,93.42 1 1
github.com/vellus-ai/argoclaw/internal/plugins/lifecycle.go:93.42,96.3 2 1
github.com/vellus-ai/argoclaw/internal/plugins/lifecycle.go:97.2,97.40 1 1
github.com/vellus-ai/argoclaw/internal/plugins/manifest.go:54.42,56.2 1 0
github.com/vellus-ai/argoclaw/internal/plugins/manifest.go:194.46,196.19 2 1
github.com/vellus-ai/argoclaw/internal/plugins/manifest.go:196.19,198.3 1 1
github.com/vellus-ai/argoclaw/internal/plugins/manifest.go:199.2,200.45 2 1
github.com/vellus-ai/argoclaw/internal/plugins/manifest.go:212.52,217.2 1 1
github.com/vellus-ai/argoclaw/internal/plugins/manifest.go:221.69,223.48 2 1
github.com/vellus-ai/argoclaw/internal/plugins/manifest.go:223.48,225.3 1 0
github.com/vellus-ai/argoclaw/internal/plugins/manifest.go:228.2,228.56 1 1
github.com/vellus-ai/argoclaw/internal/plugins/manifest.go:228.56,230.3 1 1
github.com/vellus-ai/argoclaw/internal/plugins/manifest.go:233.2,233.48 1 1
github.com/vellus-ai/argoclaw/internal/plugins/manifest.go:233.48,235.3 1 1
github.com/vellus-ai/argoclaw/internal/plugins/manifest.go:238.2,238.83 1 1
github.com/vellus-ai/argoclaw/internal/plugins/manifest.go:238.83,240.3 1 0
github.com/vellus-ai/argoclaw/internal/plugins/manifest.go:243.2,246.16 3 1
github.com/vellus-ai/argoclaw/internal/plugins/manifest.go:249.71,250.19 1 1
github.com/vellus-ai/argoclaw/internal/plugins/manifest.go:250.19,252.3 1 1
github.com/vellus-ai/argoclaw/internal/plugins/manifest.go:253.2,253.37 1 1
github.com/vellus-ai/argoclaw/internal/plugins/manifest.go:253.37,256.3 1 1
github.com/vellus-ai/argoclaw/internal/plugins/manifest.go:257.2,257.37 1 1
github.com/vellus-ai/argoclaw/internal/plugins/manifest.go:257.37,260.3 1 1
github.com/vellus-ai/argoclaw/internal/plugins/manifest.go:261.2,261.43 1 1
github.com/vellus-ai/argoclaw/internal/plugins/manifest.go:261.43,264.3 1 1
github.com/vellus-ai/argoclaw/internal/plugins/manifest.go:265.2,265.22 1 1
github.com/vellus-ai/argoclaw/internal/plugins/manifest.go:265.22,267.3 1 1
github.com/vellus-ai/argoclaw/internal/plugins/manifest.go:268.2,268.42 1 1
github.com/vellus-ai/argoclaw/internal/plugins/manifest.go:268.42,271.3 1 1
github.com/vellus-ai/argoclaw/internal/plugins/manifest.go:272.2,272.30 1 1
github.com/vellus-ai/argoclaw/internal/plugins/manifest.go:272.30,274.3 1 1
github.com/vellus-ai/argoclaw/internal/plugins/manifest.go:275.2,275.50 1 1
github.com/vellus-ai/argoclaw/internal/plugins/manifest.go:275.50,278.3 1 1
github.com/vellus-ai/argoclaw/internal/plugins/manifest.go:279.2,279.12 1 1
github.com/vellus-ai/argoclaw/internal/plugins/manifest.go:282.65,283.21 1 1
github.com/vellus-ai/argoclaw/internal/plugins/manifest.go:283.21,285.3 1 0
github.com/vellus-ai/argoclaw/internal/plugins/manifest.go:286.2,286.34 1 1
github.com/vellus-ai/argoclaw/internal/plugins/manifest.go:286.34,289.3 1 1
github.com/vellus-ai/argoclaw/internal/plugins/manifest.go:290.2,290.34 1 1
github.com/vellus-ai/argoclaw/internal/plugins/manifest.go:290.34,292.3 1 0
github.com/vellus-ai/argoclaw/internal/plugins/manifest.go:293.2,293.46 1 1
github.com/vellus-ai/argoclaw/internal/plugins/manifest.go:293.46,296.3 1 1
github.com/vellus-ai/argoclaw/internal/plugins/manifest.go:297.2,297.46 1 1
github.com/vellus-ai/argoclaw/internal/plugins/manifest.go:297.46,300.3 1 1
github.com/vellus-ai/argoclaw/internal/plugins/manifest.go:301.2,301.12 1 1
github.com/vellus-ai/argoclaw/internal/plugins/manifest.go:307.73,311.33 2 1
github.com/vellus-ai/argoclaw/internal/plugins/manifest.go:311.33,313.3 1 1
github.com/vellus-ai/argoclaw/internal/plugins/manifest.go:316.2,316.33 1 1
github.com/vellus-ai/argoclaw/internal/plugins/manifest.go:316.33,318.3 1 1
github.com/vellus-ai/argoclaw/internal/plugins/manifest.go:321.2,322.39 2 1
github.com/vellus-ai/argoclaw/internal/plugins/manifest.go:322.39,323.16 1 1
github.com/vellus-ai/argoclaw/internal/plugins/manifest.go:323.16,325.9 2 1
github.com/vellus-ai/argoclaw/internal/plugins/manifest.go:328.2,328.14 1 1
github.com/vellus-ai/argoclaw/internal/plugins/manifest.go:328.14,330.3 1 1
github.com/vellus-ai/argoclaw/internal/plugins/manifest.go:333.2,333.34 1 1
github.com/vellus-ai/argoclaw/internal/plugins/manifest.go:333.34,334.31 1 1
github.com/vellus-ai/argoclaw/internal/plugins/manifest.go:334.31,337.4 1 1
github.com/vellus-ai/argoclaw/internal/plugins/manifest.go:341.2,341.40 1 1
github.com/vellus-ai/argoclaw/internal/plugins/manifest.go:341.40,344.3 1 1
github.com/vellus-ai/argoclaw/internal/plugins/manifest.go:346.2,346.12 1 1
github.com/vellus-ai/argoclaw/internal/plugins/manifest.go:352.92,354.41 1 1
github.com/vellus-ai/argoclaw/internal/plugins/manifest.go:354.41,355.51 1 1
github.com/vellus-ai/argoclaw/internal/plugins/manifest.go:355.51,358.4 1 1
github.com/vellus-ai/argoclaw/internal/plugins/manifest.go:362.2,363.40 2 1
github.com/vellus-ai/argoclaw/internal/plugins/manifest.go:363.40,364.89 1 1
github.com/vellus-ai/argoclaw/internal/plugins/manifest.go:364.89,367.4 1 1
github.com/vellus-ai/argoclaw/internal/plugins/manifest.go:371.2,372.45 2 1
github.com/vellus-ai/argoclaw/internal/plugins/manifest.go:372.45,373.48 1 1
github.com/vellus-ai/argoclaw/internal/plugins/manifest.go:373.48,376.4 1 1
github.com/vellus-ai/argoclaw/internal/plugins/manifest.go:379.2,379.12 1 1
github.com/vellus-ai/argoclaw/internal/plugins/manifest.go:395.51,396.41 1 1
github.com/vellus-ai/argoclaw/internal/plugins/manifest.go:396.41,397.40 1 1
github.com/vellus-ai/argoclaw/internal/plugins/manifest.go:397.40,399.4 1 1
github.com/vellus-ai/argoclaw/internal/plugins/manifest.go:401.2,401.12 1 1
github.com/vellus-ai/argoclaw/internal/plugins/manifest.go:455.58,457.50 2 1
github.com/vellus-ai/argoclaw/internal/plugins/manifest.go:457.50,459.3 1 0
github.com/vellus-ai/argoclaw/internal/plugins/manifest.go:460.2,460.52 1 1
github.com/vellus-ai/argoclaw/internal/plugins/manifest.go:460.52,462.3 1 1
github.com/vellus-ai/argoclaw/internal/plugins/manifest.go:465.2,466.49 2 1
github.com/vellus-ai/argoclaw/internal/plugins/manifest.go:466.49,468.3 1 1
github.com/vellus-ai/argoclaw/internal/plugins/manifest.go:470.2,506.15 2 1
github.com/vellus-ai/argoclaw/internal/plugins/manifest.go:510.54,511.18 1 1
github.com/vellus-ai/argoclaw/internal/plugins/manifest.go:511.18,513.3 1 1
github.com/vellus-ai/argoclaw/internal/plugins/manifest.go:514.2,514.42 1 1
github.com/vellus-ai/argoclaw/internal/plugins/manifest.go:514.42,517.3 1 1
github.com/vellus-ai/argoclaw/internal/plugins/manifest.go:518.2,518.36 1 1
github.com/vellus-ai/argoclaw/internal/plugins/manifest.go:518.36,521.3 1 1
github.com/vellus-ai/argoclaw/internal/plugins/manifest.go:522.2,522.21 1 1
github.com/vellus-ai/argoclaw/internal/plugins/manifest.go:522.21,524.3 1 1
github.com/vellus-ai/argoclaw/internal/plugins/manifest.go:525.2,525.41 1 1
github.com/vellus-ai/argoclaw/internal/plugins/manifest.go:525.41,527.3 1 1
github.com/vellus-ai/argoclaw/internal/plugins/manifest.go:528.2,528.31 1 1
github.com/vellus-ai/argoclaw/internal/plugins/manifest.go:528.31,530.3 1 1
github.com/vellus-ai/argoclaw/internal/plugins/manifest.go:531.2,531.43 1 1
github.com/vellus-ai/argoclaw/internal/plugins/manifest.go:531.43,534.3 1 1
github.com/vellus-ai/argoclaw/internal/plugins/manifest.go:537.2,537.49 1 1
github.com/vellus-ai/argoclaw/internal/plugins/manifest.go:537.49,538.51 1 1
github.com/vellus-ai/argoclaw/internal/plugins/manifest.go:538.51,540.4 1 1
github.com/vellus-ai/argoclaw/internal/plugins/manifest.go:543.2,543.12 1 1
github.com/vellus-ai/argoclaw/internal/plugins/migration.go:30.44,32.2 1 1
github.com/vellus-ai/argoclaw/internal/plugins/migration.go:46.110,48.75 1 1
github.com/vellus-ai/argoclaw/internal/plugins/migration.go:48.75,50.3 1 1
github.com/vellus-ai/argoclaw/internal/plugins/migration.go:52.2,57.16 4 1
github.com/vellus-ai/argoclaw/internal/plugins/migration.go:57.16,59.3 1 1
github.com/vellus-ai/argoclaw/internal/plugins/migration.go:62.2,62.21 1 1
github.com/vellus-ai/argoclaw/internal/plugins/migration.go:62.21,64.3 1 1
github.com/vellus-ai/argoclaw/internal/plugins/migration.go:67.2,73.26 3 1
github.com/vellus-ai/argoclaw/internal/plugins/migration.go:73.26,75.17 2 1
github.com/vellus-ai/argoclaw/internal/plugins/migration.go:75.17,77.4 1 0
github.com/vellus-ai/argoclaw/internal/plugins/migration.go:80.3,80.72 1 1
github.com/vellus-ai/argoclaw/internal/plugins/migration.go:80.72,82.4 1 1
github.com/vellus-ai/argoclaw/internal/plugins/migration.go:84.3,84.84 1 1
github.com/vellus-ai/argoclaw/internal/plugins/migration.go:88.2,88.31 1 1
github.com/vellus-ai/argoclaw/internal/plugins/migration.go:88.31,90.35 1 1
github.com/vellus-ai/argoclaw/internal/plugins/migration.go:90.35,93.4 1 1
github.com/vellus-ai/argoclaw/internal/plugins/migration.go:96.3,96.59 1 1
github.com/vellus-ai/argoclaw/internal/plugins/migration.go:96.59,99.4 1 1
github.com/vellus-ai/argoclaw/internal/plugins/migration.go:102.2,102.12 1 1
github.com/vellus-ai/argoclaw/internal/plugins/migration.go:106.77,108.16 2 1
github.com/vellus-ai/argoclaw/internal/plugins/migration.go:108.16,110.3 1 1
github.com/vellus-ai/argoclaw/internal/plugins/migration.go:112.2,113.28 2 1
github.com/vellus-ai/argoclaw/internal/plugins/migration.go:113.28,114.16 1 1
github.com/vellus-ai/argoclaw/internal/plugins/migration.go:114.16,115.12 1 0
github.com/vellus-ai/argoclaw/internal/plugins/migration.go:117.3,117.45 1 1
github.com/vellus-ai/argoclaw/internal/plugins/migration.go:117.45,119.4 1 1
github.com/vellus-ai/argoclaw/internal/plugins/migration.go:122.2,123.19 2 1
github.com/vellus-ai/argoclaw/internal/plugins/migration.go:131.80,135.32 3 1
github.com/vellus-ai/argoclaw/internal/plugins/migration.go:135.32,136.21 1 1
github.com/vellus-ai/argoclaw/internal/plugins/migration.go:136.21,137.12 1 0
github.com/vellus-ai/argoclaw/internal/plugins/migration.go:139.3,140.44 2 1
github.com/vellus-ai/argoclaw/internal/plugins/migration.go:140.44,143.4 1 1
github.com/vellus-ai/argoclaw/internal/plugins/migration.go:146.2,146.12 1 1
github.com/vellus-ai/argoclaw/internal/plugins/migration.go:151.45,154.2 2 1
github.com/vellus-ai/argoclaw/internal/plugins/registry.go:65.30,70.2 1 1
github.com/vellus-ai/argoclaw/internal/plugins/registry.go:79.121,84.2 4 1
github.com/vellus-ai/argoclaw/internal/plugins/registry.go:87.46,88.14 1 1
github.com/vellus-ai/argoclaw/internal/plugins/registry.go:88.14,90.3 1 1
github.com/vellus-ai/argoclaw/internal/plugins/registry.go:95.64,99.2 3 1
github.com/vellus-ai/argoclaw/internal/plugins/registry.go:103.44,107.2 3 1
github.com/vellus-ai/argoclaw/internal/plugins/registry.go:111.60,116.2 4 1
github.com/vellus-ai/argoclaw/internal/plugins/registry.go:121.44,125.30 4 1
github.com/vellus-ai/argoclaw/internal/plugins/registry.go:125.30,127.3 1 1
github.com/vellus-ai/argoclaw/internal/plugins/registry.go:128.2,128.15 1 1
github.com/vellus-ai/argoclaw/internal/plugins/registry.go:132.32,136.2 3 1
github.com/vellus-ai/argoclaw/internal/plugins/registry.go:139.37,143.30 4 1
github.com/vellus-ai/argoclaw/internal/plugins/registry.go:143.30,145.3 1 1
github.com/vellus-ai/argoclaw/internal/plugins/registry.go:146.2,146.14 1 1
github.com/vellus-ai/argoclaw/internal/plugins/registry.go:150.43,154.33 4 1
github.com/vellus-ai/argoclaw/internal/plugins/registry.go:154.33,155.33 1 1
github.com/vellus-ai/argoclaw/internal/plugins/registry.go:155.33,157.4 1 1
github.com/vellus-ai/argoclaw/internal/plugins/registry.go:159.2,159.14 1 1
github.com/vellus-ai/argoclaw/internal/plugins/registry.go:165.79,168.16 2 1
github.com/vellus-ai/argoclaw/internal/plugins/registry.go:168.16,170.3 1 1
github.com/vellus-ai/argoclaw/internal/plugins/registry.go:173.2,178.35 4 1
github.com/vellus-ai/argoclaw/internal/plugins/registry.go:178.35,179.43 1 1
github.com/vellus-ai/argoclaw/internal/plugins/registry.go:179.43,180.12 1 1
github.com/vellus-ai/argoclaw/internal/plugins/registry.go:184.3,185.17 2 1
github.com/vellus-ai/argoclaw/internal/plugins/registry.go:185.17,189.12 2 1
github.com/vellus-ai/argoclaw/internal/plugins/registry.go:193.3,194.74 2 1
github.com/vellus-ai/argoclaw/internal/plugins/registry.go:194.74,197.12 2 0
github.com/vellus-ai/argoclaw/internal/plugins/registry.go:201.3,211.26 4 1
github.com/vellus-ai/argoclaw/internal/plugins/registry.go:211.26,213.4 1 1
github.com/vellus-ai/argoclaw/internal/plugins/registry.go:215.3,215.35 1 1
github.com/vellus-ai/argoclaw/internal/plugins/registry.go:218.2,218.12 1 1
github.com/vellus-ai/argoclaw/internal/plugins/registry.go:224.82,225.26 1 1
github.com/vellus-ai/argoclaw/internal/plugins/registry.go:225.26,227.3 1 1
github.com/vellus-ai/argoclaw/internal/plugins/registry.go:229.2,235.16 3 1
github.com/vellus-ai/argoclaw/internal/plugins/registry.go:235.16,239.3 2 0
github.com/vellus-ai/argoclaw/internal/plugins/registry.go:241.2,241.80 1 1
github.com/vellus-ai/argoclaw/internal/plugins/registry.go:241.80,244.3 1 1
github.com/vellus-ai/argoclaw/internal/plugins/registry.go:253.51,254.20 1 1
github.com/vellus-ai/argoclaw/internal/plugins/registry.go:254.20,257.3 2 1
github.com/vellus-ai/argoclaw/internal/plugins/registry.go:259.2,262.28 3 1
github.com/vellus-ai/argoclaw/internal/plugins/registry.go:266.31,267.25 1 1
github.com/vellus-ai/argoclaw/internal/plugins/registry.go:267.25,270.3 2 1
github.com/vellus-ai/argoclaw/internal/plugins/registry.go:276.58,277.6 1 1
github.com/vellus-ai/argoclaw/internal/plugins/registry.go:277.6,278.47 1 1
github.com/vellus-ai/argoclaw/internal/plugins/registry.go:278.47,279.24 1 1
github.com/vellus-ai/argoclaw/internal/plugins/registry.go:279.24,281.5 1 1
github.com/vellus-ai/argoclaw/internal/plugins/registry.go:282.4,283.18 1 1
github.com/vellus-ai/argoclaw/internal/plugins/registry.go:288.3,288.26 1 1
github.com/vellus-ai/argoclaw/internal/plugins/registry.go:288.26,290.4 1 1
github.com/vellus-ai/argoclaw/internal/plugins/registry.go:297.62,298.26 1 1
github.com/vellus-ai/argoclaw/internal/plugins/registry.go:298.26,300.3 1 1
github.com/vellus-ai/argoclaw/internal/plugins/registry.go:302.2,303.16 2 1
github.com/vellus-ai/argoclaw/internal/plugins/registry.go:303.16,305.3 1 1
github.com/vellus-ai/argoclaw/internal/plugins/registry.go:306.2,310.6 3 1
github.com/vellus-ai/argoclaw/internal/plugins/registry.go:310.6,311.10 1 1
github.com/vellus-ai/argoclaw/internal/plugins/registry.go:312.21,313.20 1 1
github.com/vellus-ai/argoclaw/internal/plugins/registry.go:314.33,315.11 1 1
github.com/vellus-ai/argoclaw/internal/plugins/registry.go:315.11,318.5 1 1
github.com/vellus-ai/argoclaw/internal/plugins/registry.go:319.4,319.36 1 1
github.com/vellus-ai/argoclaw/internal/plugins/registry.go:330.36,330.52 1 1
github.com/vellus-ai/argoclaw/internal/plugins/registry.go:336.71,338.58 2 1
github.com/vellus-ai/argoclaw/internal/plugins/registry.go:338.58,341.3 2 1
github.com/vellus-ai/argoclaw/internal/plugins/registry.go:343.2,346.51 2 1
github.com/vellus-ai/argoclaw/internal/plugins/registry.go:346.51,349.3 1 1
github.com/vellus-ai/argoclaw/internal/plugins/registry.go:354.59,356.19 2 1
github.com/vellus-ai/argoclaw/internal/plugins/registry.go:356.19,358.3 1 0
github.com/vellus-ai/argoclaw/internal/plugins/registry.go:360.2,363.6 3 1
github.com/vellus-ai/argoclaw/internal/plugins/registry.go:363.6,364.10 1 1
github.com/vellus-ai/argoclaw/internal/plugins/registry.go:365.21,366.15 1 1
github.com/vellus-ai/argoclaw/internal/plugins/registry.go:367.19,368.53 1 1
github.com/vellus-ai/argoclaw/internal/plugins/registry.go:368.53,370.5 1 0
github.com/vellus-ai/argoclaw/internal/plugins/registry.go:373.4,373.28 1 1
github.com/vellus-ai/argoclaw/internal/plugins/registry.go:373.28,375.5 1 1
github.com/vellus-ai/argoclaw/internal/plugins/runtime.go:77.99,78.19 1 1
github.com/vellus-ai/argoclaw/internal/plugins/runtime.go:78.19,80.3 1 0
github.com/vellus-ai/argoclaw/internal/plugins/runtime.go:81.2,87.3 1 1
github.com/vellus-ai/argoclaw/internal/plugins/runtime.go:93.132,97.66 2 1
github.com/vellus-ai/argoclaw/internal/plugins/runtime.go:97.66,99.3 1 1
github.com/vellus-ai/argoclaw/internal/plugins/runtime.go:102.2,103.46 2 1
github.com/vellus-ai/argoclaw/internal/plugins/runtime.go:103.46,105.3 1 1
github.com/vellus-ai/argoclaw/internal/plugins/runtime.go:106.2,110.16 3 1
github.com/vellus-ai/argoclaw/internal/plugins/runtime.go:110.16,112.3 1 1
github.com/vellus-ai/argoclaw/internal/plugins/runtime.go:115.2,115.47 1 1
github.com/vellus-ai/argoclaw/internal/plugins/runtime.go:115.47,118.3 2 1
github.com/vellus-ai/argoclaw/internal/plugins/runtime.go:121.2,122.16 2 1
github.com/vellus-ai/argoclaw/internal/plugins/runtime.go:122.16,125.3 2 1
github.com/vellus-ai/argoclaw/internal/plugins/runtime.go:128.2,129.29 2 1
github.com/vellus-ai/argoclaw/internal/plugins/runtime.go:129.29,134.3 1 1
github.com/vellus-ai/argoclaw/internal/plugins/runtime.go:137.2,160.24 8 1
github.com/vellus-ai/argoclaw/internal/plugins/runtime.go:166.101,169.9 3 1
github.com/vellus-ai/argoclaw/internal/plugins/runtime.go:169.9,172.3 2 1
github.com/vellus-ai/argoclaw/internal/plugins/runtime.go:173.2,178.24 4 1
github.com/vellus-ai/argoclaw/internal/plugins/runtime.go:178.24,180.3 1 1
github.com/vellus-ai/argoclaw/internal/plugins/runtime.go:183.2,183.24 1 1
github.com/vellus-ai/argoclaw/internal/plugins/runtime.go:183.24,184.45 1 1
github.com/vellus-ai/argoclaw/internal/plugins/runtime.go:184.45,189.4 1 0
github.com/vellus-ai/argoclaw/internal/plugins/runtime.go:192.2,193.12 2 1
github.com/vellus-ai/argoclaw/internal/plugins/runtime.go:197.64,200.33 3 1
github.com/vellus-ai/argoclaw/internal/plugins/runtime.go:200.33,202.3 1 1
github.com/vellus-ai/argoclaw/internal/plugins/runtime.go:203.2,205.21 2 1
github.com/vellus-ai/argoclaw/internal/plugins/runtime.go:205.21,207.3 1 1
github.com/vellus-ai/argoclaw/internal/plugins/runtime.go:209.2,213.29 4 1
github.com/vellus-ai/argoclaw/internal/plugins/runtime.go:213.29,214.59 1 1
github.com/vellus-ai/argoclaw/internal/plugins/runtime.go:214.59,216.4 1 0
github.com/vellus-ai/argoclaw/internal/plugins/runtime.go:219.2,219.19 1 1
github.com/vellus-ai/argoclaw/internal/plugins/runtime.go:219.19,221.3 1 0
github.com/vellus-ai/argoclaw/internal/plugins/runtime.go:222.2,222.12 1 1
github.com/vellus-ai/argoclaw/internal/plugins/runtime.go:227.103,232.9 4 1
github.com/vellus-ai/argoclaw/internal/plugins/runtime.go:232.9,234.3 1 1
github.com/vellus-ai/argoclaw/internal/plugins/runtime.go:236.2,237.12 2 1
github.com/vellus-ai/argoclaw/internal/plugins/runtime.go:237.12,240.3 2 1
github.com/vellus-ai/argoclaw/internal/plugins/runtime.go:242.2,242.9 1 1
github.com/vellus-ai/argoclaw/internal/plugins/runtime.go:243.14,244.13 1 1
github.com/vellus-ai/argoclaw/internal/plugins/runtime.go:245.29,246.68 1 1
github.com/vellus-ai/argoclaw/internal/plugins/runtime.go:247.20,248.61 1 0
github.com/vellus-ai/argoclaw/internal/plugins/runtime.go:255.130,258.9 3 1
github.com/vellus-ai/argoclaw/internal/plugins/runtime.go:258.9,261.3 2 1
github.com/vellus-ai/argoclaw/internal/plugins/runtime.go:262.2,262.19 1 1
github.com/vellus-ai/argoclaw/internal/plugins/runtime.go:262.19,265.3 2 1
github.com/vellus-ai/argoclaw/internal/plugins/runtime.go:266.2,270.25 3 1
github.com/vellus-ai/argoclaw/internal/plugins/runtime.go:270.25,272.3 1 1
github.com/vellus-ai/argoclaw/internal/plugins/runtime.go:275.2,280.16 4 1
github.com/vellus-ai/argoclaw/internal/plugins/runtime.go:280.16,281.11 1 1
github.com/vellus-ai/argoclaw/internal/plugins/runtime.go:281.11,283.4 1 1
github.com/vellus-ai/argoclaw/internal/plugins/runtime.go:284.3,284.69 1 1
github.com/vellus-ai/argoclaw/internal/plugins/runtime.go:287.2,287.10 1 1
github.com/vellus-ai/argoclaw/internal/plugins/runtime.go:287.10,289.3 1 1
github.com/vellus-ai/argoclaw/internal/plugins/runtime.go:291.2,291.20 1 1
github.com/vellus-ai/argoclaw/internal/plugins/runtime.go:295.74,299.2 3 0
github.com/vellus-ai/argoclaw/internal/plugins/runtime.go:302.60,306.9 4 0
github.com/vellus-ai/argoclaw/internal/plugins/runtime.go:306.9,308.3 1 0
github.com/vellus-ai/argoclaw/internal/plugins/runtime.go:309.2,309.20 1 0
github.com/vellus-ai/argoclaw/internal/plugins/runtime.go:317.74,321.33 2 1
github.com/vellus-ai/argoclaw/internal/plugins/runtime.go:321.33,323.3 1 1
github.com/vellus-ai/argoclaw/internal/plugins/runtime.go:326.2,326.33 1 1
github.com/vellus-ai/argoclaw/internal/plugins/runtime.go:326.33,328.3 1 1
github.com/vellus-ai/argoclaw/internal/plugins/runtime.go:331.2,332.44 2 1
github.com/vellus-ai/argoclaw/internal/plugins/runtime.go:332.44,333.16 1 1
github.com/vellus-ai/argoclaw/internal/plugins/runtime.go:333.16,335.9 2 1
github.com/vellus-ai/argoclaw/internal/plugins/runtime.go:338.2,338.14 1 1
github.com/vellus-ai/argoclaw/internal/plugins/runtime.go:338.14,340.3 1 1
github.com/vellus-ai/argoclaw/internal/plugins/runtime.go:343.2,343.34 1 1
github.com/vellus-ai/argoclaw/internal/plugins/runtime.go:343.34,344.36 1 1
github.com/vellus-ai/argoclaw/internal/plugins/runtime.go:344.36,347.4 1 1
github.com/vellus-ai/argoclaw/internal/plugins/runtime.go:350.2,350.12 1 1
github.com/vellus-ai/argoclaw/internal/plugins/runtime.go:358.81,360.31 2 1
github.com/vellus-ai/argoclaw/internal/plugins/runtime.go:360.31,362.21 2 1
github.com/vellus-ai/argoclaw/internal/plugins/runtime.go:362.21,364.4 1 1
github.com/vellus-ai/argoclaw/internal/plugins/runtime.go:366.2,366.10 1 1
